2022-11-30 10:36:31,793 DEBUG [main] InternalLoggerFactory:89 - Using Log4J as the default logging framework
2022-11-30 10:36:31,800 DEBUG [main] ResourceLeakDetector:129 - -Dio.netty.leakDetection.level: simple
2022-11-30 10:36:31,801 DEBUG [main] ResourceLeakDetector:130 - -Dio.netty.leakDetection.targetRecords: 4
2022-11-30 10:36:31,807 DEBUG [main] ResourceLeakDetectorFactory:196 - Loaded default ResourceLeakDetector: io.netty.util.ResourceLeakDetector@1d730606
2022-11-30 10:36:31,826 DEBUG [main] PlatformDependent0:496 - -Dio.netty.noUnsafe: false
2022-11-30 10:36:31,826 DEBUG [main] PlatformDependent0:1000 - Java version: 17
2022-11-30 10:36:31,828 DEBUG [main] PlatformDependent0:137 - sun.misc.Unsafe.theUnsafe: available
2022-11-30 10:36:31,829 DEBUG [main] PlatformDependent0:161 - sun.misc.Unsafe.copyMemory: available
2022-11-30 10:36:31,831 DEBUG [main] PlatformDependent0:193 - sun.misc.Unsafe.storeFence: available
2022-11-30 10:36:31,832 DEBUG [main] PlatformDependent0:236 - java.nio.Buffer.address: available
2022-11-30 10:36:31,833 DEBUG [main] PlatformDependent0:320 - direct buffer constructor: unavailable: Reflective setAccessible(true) disabled
2022-11-30 10:36:31,835 DEBUG [main] PlatformDependent0:385 - java.nio.Bits.unaligned: available, true
2022-11-30 10:36:31,838 DEBUG [main] PlatformDependent0:452 - jdk.internal.misc.Unsafe.allocateUninitializedArray(int): unavailable: class io.netty.util.internal.PlatformDependent0$7 cannot access class jdk.internal.misc.Unsafe (in module java.base) because module java.base does not export jdk.internal.misc to unnamed module @4f7d0008
2022-11-30 10:36:31,841 DEBUG [main] PlatformDependent0:482 - java.nio.DirectByteBuffer.<init>(long, int): unavailable
2022-11-30 10:36:31,842 DEBUG [main] PlatformDependent:1159 - sun.misc.Unsafe: available
2022-11-30 10:36:31,858 DEBUG [main] PlatformDependent:1270 - maxDirectMemory: 2105540608 bytes (maybe)
2022-11-30 10:36:31,861 DEBUG [main] PlatformDependent:1289 - -Dio.netty.tmpdir: C:\Users\17497\AppData\Local\Temp (java.io.tmpdir)
2022-11-30 10:36:31,861 DEBUG [main] PlatformDependent:1368 - -Dio.netty.bitMode: 64 (sun.arch.data.model)
2022-11-30 10:36:31,863 DEBUG [main] PlatformDependent:1119 - Platform: Windows
2022-11-30 10:36:31,864 DEBUG [main] PlatformDependent:178 - -Dio.netty.maxDirectMemory: -1 bytes
2022-11-30 10:36:31,865 DEBUG [main] PlatformDependent:185 - -Dio.netty.uninitializedArrayAllocationThreshold: -1
2022-11-30 10:36:31,868 DEBUG [main] CleanerJava9:71 - java.nio.ByteBuffer.cleaner(): available
2022-11-30 10:36:31,869 DEBUG [main] PlatformDependent:205 - -Dio.netty.noPreferDirect: false
2022-11-30 10:36:31,879 DEBUG [main] PlatformDependent:1010 - org.jctools-core.MpscChunkedArrayQueue: available
2022-11-30 10:36:31,896 DEBUG [main] InternalThreadLocalMap:86 - -Dio.netty.threadLocalMap.stringBuilder.initialSize: 1024
2022-11-30 10:36:31,897 DEBUG [main] InternalThreadLocalMap:89 - -Dio.netty.threadLocalMap.stringBuilder.maxSize: 4096
2022-11-30 10:36:32,054 DEBUG [main] JdkSslContext:83 - Default protocols (JDK): [TLSv1.3, TLSv1.2] 
2022-11-30 10:36:32,054 DEBUG [main] JdkSslContext:84 - Default cipher suites (JDK): [TLS_ECDHE_ECDSA_WITH_AES_256_GCM_SHA384, TLS_ECDHE_ECDSA_WITH_AES_128_GCM_SHA256, TLS_ECDHE_RSA_WITH_AES_128_GCM_SHA256, TLS_ECDHE_RSA_WITH_AES_256_GCM_SHA384, TLS_ECDHE_RSA_WITH_AES_128_CBC_SHA, TLS_ECDHE_RSA_WITH_AES_256_CBC_SHA, TLS_RSA_WITH_AES_128_GCM_SHA256, TLS_RSA_WITH_AES_128_CBC_SHA, TLS_RSA_WITH_AES_256_CBC_SHA, TLS_AES_128_GCM_SHA256, TLS_AES_256_GCM_SHA384]
2022-11-30 10:36:32,075 DEBUG [main] MultithreadEventLoopGroup:44 - -Dio.netty.eventLoopThreads: 8
2022-11-30 10:36:32,083 DEBUG [main] NioEventLoop:110 - -Dio.netty.noKeySetOptimization: false
2022-11-30 10:36:32,083 DEBUG [main] NioEventLoop:111 - -Dio.netty.selectorAutoRebuildThreshold: 512
2022-11-30 10:36:32,144 DEBUG [main] PooledByteBufAllocator:157 - -Dio.netty.allocator.numHeapArenas: 8
2022-11-30 10:36:32,144 DEBUG [main] PooledByteBufAllocator:158 - -Dio.netty.allocator.numDirectArenas: 8
2022-11-30 10:36:32,145 DEBUG [main] PooledByteBufAllocator:160 - -Dio.netty.allocator.pageSize: 8192
2022-11-30 10:36:32,145 DEBUG [main] PooledByteBufAllocator:165 - -Dio.netty.allocator.maxOrder: 9
2022-11-30 10:36:32,146 DEBUG [main] PooledByteBufAllocator:169 - -Dio.netty.allocator.chunkSize: 4194304
2022-11-30 10:36:32,146 DEBUG [main] PooledByteBufAllocator:170 - -Dio.netty.allocator.smallCacheSize: 256
2022-11-30 10:36:32,146 DEBUG [main] PooledByteBufAllocator:171 - -Dio.netty.allocator.normalCacheSize: 64
2022-11-30 10:36:32,147 DEBUG [main] PooledByteBufAllocator:172 - -Dio.netty.allocator.maxCachedBufferCapacity: 32768
2022-11-30 10:36:32,147 DEBUG [main] PooledByteBufAllocator:173 - -Dio.netty.allocator.cacheTrimInterval: 8192
2022-11-30 10:36:32,147 DEBUG [main] PooledByteBufAllocator:174 - -Dio.netty.allocator.cacheTrimIntervalMillis: 0
2022-11-30 10:36:32,148 DEBUG [main] PooledByteBufAllocator:175 - -Dio.netty.allocator.useCacheForAllThreads: false
2022-11-30 10:36:32,148 DEBUG [main] PooledByteBufAllocator:176 - -Dio.netty.allocator.maxCachedByteBuffersPerChunk: 1023
2022-11-30 10:36:32,161 DEBUG [main] ByteBufUtil:87 - -Dio.netty.allocator.type: pooled
2022-11-30 10:36:32,161 DEBUG [main] ByteBufUtil:96 - -Dio.netty.threadLocalDirectBufferSize: 0
2022-11-30 10:36:32,161 DEBUG [main] ByteBufUtil:99 - -Dio.netty.maxThreadLocalCharBufferSize: 16384
2022-11-30 10:36:33,029 DEBUG [Forwarding newSession on session null to remote] DefaultChannelId:79 - -Dio.netty.processId: 14044 (auto-detected)
2022-11-30 10:36:33,031 DEBUG [Forwarding newSession on session null to remote] NetUtil:136 - -Djava.net.preferIPv4Stack: false
2022-11-30 10:36:33,032 DEBUG [Forwarding newSession on session null to remote] NetUtil:137 - -Djava.net.preferIPv6Addresses: false
2022-11-30 10:36:33,039 DEBUG [Forwarding newSession on session null to remote] NetUtilInitializations:129 - Loopback interface: lo (Software Loopback Interface 1, 127.0.0.1)
2022-11-30 10:36:33,041 DEBUG [Forwarding newSession on session null to remote] NetUtil:191 - Failed to get SOMAXCONN from sysctl and file \proc\sys\net\core\somaxconn. Default: 200
2022-11-30 10:36:33,050 DEBUG [Forwarding newSession on session null to remote] DefaultChannelId:101 - -Dio.netty.machineId: f4:39:09:ff:fe:43:9c:d6 (auto-detected)
2022-11-30 10:36:33,095 DEBUG [AsyncHttpClient-1-2] AbstractByteBuf:63 - -Dio.netty.buffer.checkAccessible: true
2022-11-30 10:36:33,095 DEBUG [AsyncHttpClient-1-2] AbstractByteBuf:64 - -Dio.netty.buffer.checkBounds: true
2022-11-30 10:36:33,095 DEBUG [AsyncHttpClient-1-2] ResourceLeakDetectorFactory:196 - Loaded default ResourceLeakDetector: io.netty.util.ResourceLeakDetector@7ba6290a
2022-11-30 10:36:33,113 DEBUG [AsyncHttpClient-1-2] Recycler:85 - -Dio.netty.recycler.maxCapacityPerThread: 4096
2022-11-30 10:36:33,114 DEBUG [AsyncHttpClient-1-2] Recycler:86 - -Dio.netty.recycler.ratio: 8
2022-11-30 10:36:33,114 DEBUG [AsyncHttpClient-1-2] Recycler:87 - -Dio.netty.recycler.chunkSize: 32
2022-11-30 10:36:33,114 DEBUG [AsyncHttpClient-1-2] Recycler:88 - -Dio.netty.recycler.blocking: false
2022-11-30 10:36:34,169 DEBUG [AsyncHttpClient-1-2] Brotli:38 - brotli4j not in the classpath; Brotli support will be unavailable.
2022-11-30 10:36:34,247 DEBUG [main] ThreadLocalRandom:214 - -Dio.netty.initialSeedUniquifier: 0x6eaf7ff6a3f94dad
2022-11-30 10:36:53,001  INFO [main] LoginpageTest:32 - =================== Validating login page title ===================
2022-11-30 10:37:08,919  INFO [main] LoginpageTest:40 - =================== Validating login ===================
2022-11-30 10:37:22,042  INFO [main] LoginpageTest:43 -  ===================Validating home page title=================== 
2022-11-30 10:38:58,326  INFO [main] LoginpageTest:46 - =================== Validating user tile =================== 
2022-11-30 10:39:19,977  INFO [main] LoginpageTest:52 -  ===================Validating time approval=================== 
2022-11-30 10:39:53,757  INFO [main] LoginpageTest:37 -  ===================Validating user title=================== 
2022-11-30 10:40:13,228  INFO [main] LoginpageTest:42 - ===================Generating leave reports ===================
2022-11-30 10:40:34,856  INFO [main] LoginpageTest:41 -  ===================Validating user page title=================== 
2022-11-30 10:40:36,245 DEBUG [main] cache:45 - Couldn't find template in cache for "Extent.ftl"("en_US", UTF-8, parsed); will try to load it.
2022-11-30 10:40:36,246 DEBUG [main] cache:45 - TemplateLoader.findTemplateSource("Extent_en_US.ftl"): Not found
2022-11-30 10:40:36,247 DEBUG [main] cache:45 - TemplateLoader.findTemplateSource("Extent_en.ftl"): Not found
2022-11-30 10:40:36,249 DEBUG [main] cache:45 - TemplateLoader.findTemplateSource("Extent.ftl"): Found
2022-11-30 10:40:36,249 DEBUG [main] cache:45 - Loading template for "Extent.ftl"("en_US", UTF-8, parsed) from "jar:file:/C:/Users/17497/.m2/repository/com/relevantcodes/extentreports/2.41.2/extentreports-2.41.2.jar!/com/relevantcodes/extentreports/view/Extent.ftl"
2022-11-30 10:40:36,434 DEBUG [main] cache:45 - Couldn't find template in cache for "Extent.ftl"("en_US", UTF-8, parsed); will try to load it.
2022-11-30 10:40:36,434 DEBUG [main] cache:45 - TemplateLoader.findTemplateSource("Extent_en_US.ftl"): Not found
2022-11-30 10:40:36,435 DEBUG [main] cache:45 - TemplateLoader.findTemplateSource("Extent_en.ftl"): Not found
2022-11-30 10:40:36,437 DEBUG [main] cache:45 - TemplateLoader.findTemplateSource("Extent.ftl"): Found
2022-11-30 10:40:36,437 DEBUG [main] cache:45 - Loading template for "Extent.ftl"("en_US", UTF-8, parsed) from "jar:file:/C:/Users/17497/.m2/repository/com/relevantcodes/extentreports/2.41.2/extentreports-2.41.2.jar!/com/relevantcodes/extentreports/view/Extent.ftl"
